  main.cpp
C:\Users\nohc2\Desktop\Dev\InfinityBinaryInteger\src_msvc\InfinityBinaryInteger\InfinityBinaryInteger\InfinityBinary.h(1,1): warning C4819: 현재 코드 페이지(949)에서 표시할 수 없는 문자가 파일에 들어 있습니다. 데이터가 손실되지 않게 하려면 해당 파일을 유니코드 형식으로 저장하십시오.
  (소스 파일 'main.cpp'을(를) 컴파일하는 중)
  
C:\Users\nohc2\Desktop\Dev\InfinityBinaryInteger\src_msvc\InfinityBinaryInteger\InfinityBinaryInteger\arr_expend.h(60,11): warning C4267: '초기화 중': 'size_t'에서 'int'(으)로 변환하면서 데이터가 손실될 수 있습니다.
  (소스 파일 'main.cpp'을(를) 컴파일하는 중)
  
C:\Users\nohc2\Desktop\Dev\InfinityBinaryInteger\src_msvc\InfinityBinaryInteger\InfinityBinaryInteger\arr_expend.h(135,14): warning C4267: '초기화 중': 'size_t'에서 'int'(으)로 변환하면서 데이터가 손실될 수 있습니다.
  (소스 파일 'main.cpp'을(를) 컴파일하는 중)
  
C:\Users\nohc2\Desktop\Dev\InfinityBinaryInteger\src_msvc\InfinityBinaryInteger\InfinityBinaryInteger\arr_expend.h(145,14): warning C4267: '초기화 중': 'size_t'에서 'int'(으)로 변환하면서 데이터가 손실될 수 있습니다.
  (소스 파일 'main.cpp'을(를) 컴파일하는 중)
  
C:\Users\nohc2\Desktop\Dev\InfinityBinaryInteger\src_msvc\InfinityBinaryInteger\InfinityBinaryInteger\arr_expend.h(229,11): warning C4267: '초기화 중': 'size_t'에서 'int'(으)로 변환하면서 데이터가 손실될 수 있습니다.
  (소스 파일 'main.cpp'을(를) 컴파일하는 중)
  
C:\Users\nohc2\Desktop\Dev\InfinityBinaryInteger\src_msvc\InfinityBinaryInteger\InfinityBinaryInteger\arr_expend.h(304,14): warning C4267: '초기화 중': 'size_t'에서 'int'(으)로 변환하면서 데이터가 손실될 수 있습니다.
  (소스 파일 'main.cpp'을(를) 컴파일하는 중)
  
C:\Users\nohc2\Desktop\Dev\InfinityBinaryInteger\src_msvc\InfinityBinaryInteger\InfinityBinaryInteger\arr_expend.h(314,14): warning C4267: '초기화 중': 'size_t'에서 'int'(으)로 변환하면서 데이터가 손실될 수 있습니다.
  (소스 파일 'main.cpp'을(를) 컴파일하는 중)
  
C:\Users\nohc2\Desktop\Dev\InfinityBinaryInteger\src_msvc\InfinityBinaryInteger\InfinityBinaryInteger\Utill_FreeMemory.h(1,1): warning C4819: 현재 코드 페이지(949)에서 표시할 수 없는 문자가 파일에 들어 있습니다. 데이터가 손실되지 않게 하려면 해당 파일을 유니코드 형식으로 저장하십시오.
  (소스 파일 'main.cpp'을(를) 컴파일하는 중)
  
C:\Users\nohc2\Desktop\Dev\InfinityBinaryInteger\src_msvc\InfinityBinaryInteger\InfinityBinaryInteger\Utill_FreeMemory.h(434,22): warning C4018: '<': signed 또는 unsigned가 일치하지 않습니다.
  (소스 파일 'main.cpp'을(를) 컴파일하는 중)
  
C:\Users\nohc2\Desktop\Dev\InfinityBinaryInteger\src_msvc\InfinityBinaryInteger\InfinityBinaryInteger\Utill_FreeMemory.h(474,13): warning C4018: '<': signed 또는 unsigned가 일치하지 않습니다.
  (소스 파일 'main.cpp'을(를) 컴파일하는 중)
  
C:\Users\nohc2\Desktop\Dev\InfinityBinaryInteger\src_msvc\InfinityBinaryInteger\InfinityBinaryInteger\Utill_FreeMemory.h(488,13): warning C4018: '<': signed 또는 unsigned가 일치하지 않습니다.
  (소스 파일 'main.cpp'을(를) 컴파일하는 중)
  
C:\Users\nohc2\Desktop\Dev\InfinityBinaryInteger\src_msvc\InfinityBinaryInteger\InfinityBinaryInteger\Utill_FreeMemory.h(569,16): warning C4244: '초기화 중': '__int64'에서 'int'(으)로 변환하면서 데이터가 손실될 수 있습니다.
  (소스 파일 'main.cpp'을(를) 컴파일하는 중)
  
C:\Users\nohc2\Desktop\Dev\InfinityBinaryInteger\src_msvc\InfinityBinaryInteger\InfinityBinaryInteger\Utill_FreeMemory.h(572,16): warning C4018: '>': signed 또는 unsigned가 일치하지 않습니다.
  (소스 파일 'main.cpp'을(를) 컴파일하는 중)
  
C:\Users\nohc2\Desktop\Dev\InfinityBinaryInteger\src_msvc\InfinityBinaryInteger\InfinityBinaryInteger\Utill_FreeMemory.h(581,13): warning C4018: '>=': signed 또는 unsigned가 일치하지 않습니다.
  (소스 파일 'main.cpp'을(를) 컴파일하는 중)
  
C:\Users\nohc2\Desktop\Dev\InfinityBinaryInteger\src_msvc\InfinityBinaryInteger\InfinityBinaryInteger\Utill_FreeMemory.h(614,12): warning C4804: '<': 연산에 'bool' 형식을 사용하는 것은 안전하지 않습니다.
  (소스 파일 'main.cpp'을(를) 컴파일하는 중)
  
C:\Users\nohc2\Desktop\Dev\InfinityBinaryInteger\src_msvc\InfinityBinaryInteger\InfinityBinaryInteger\Utill_FreeMemory.h(638,25): warning C4244: '초기화 중': '__int64'에서 'unsigned int'(으)로 변환하면서 데이터가 손실될 수 있습니다.
  (소스 파일 'main.cpp'을(를) 컴파일하는 중)
  
C:\Users\nohc2\Desktop\Dev\InfinityBinaryInteger\src_msvc\InfinityBinaryInteger\InfinityBinaryInteger\Utill_FreeMemory.h(779,17): warning C4244: '초기화 중': 'int64_t'에서 'int'(으)로 변환하면서 데이터가 손실될 수 있습니다.
  (소스 파일 'main.cpp'을(를) 컴파일하는 중)
  
C:\Users\nohc2\Desktop\Dev\InfinityBinaryInteger\src_msvc\InfinityBinaryInteger\InfinityBinaryInteger\Utill_FreeMemory.h(922,13): warning C4018: '>': signed 또는 unsigned가 일치하지 않습니다.
  (소스 파일 'main.cpp'을(를) 컴파일하는 중)
  
C:\Users\nohc2\Desktop\Dev\InfinityBinaryInteger\src_msvc\InfinityBinaryInteger\InfinityBinaryInteger\Utill_FreeMemory.h(1116,23): warning C4267: '초기화 중': 'size_t'에서 'unsigned int'(으)로 변환하면서 데이터가 손실될 수 있습니다.
  (소스 파일 'main.cpp'을(를) 컴파일하는 중)
  
C:\Users\nohc2\Desktop\Dev\InfinityBinaryInteger\src_msvc\InfinityBinaryInteger\InfinityBinaryInteger\Utill_FreeMemory.h(1118,22): warning C4018: '<': signed 또는 unsigned가 일치하지 않습니다.
  (소스 파일 'main.cpp'을(를) 컴파일하는 중)
  
C:\Users\nohc2\Desktop\Dev\InfinityBinaryInteger\src_msvc\InfinityBinaryInteger\InfinityBinaryInteger\Utill_FreeMemory.h(1122,16): warning C4018: '>=': signed 또는 unsigned가 일치하지 않습니다.
  (소스 파일 'main.cpp'을(를) 컴파일하는 중)
  
C:\Users\nohc2\Desktop\Dev\InfinityBinaryInteger\src_msvc\InfinityBinaryInteger\InfinityBinaryInteger\Utill_FreeMemory.h(1234,11): warning C4244: '초기화 중': 'double'에서 'int'(으)로 변환하면서 데이터가 손실될 수 있습니다.
  (소스 파일 'main.cpp'을(를) 컴파일하는 중)
  
C:\Users\nohc2\Desktop\Dev\InfinityBinaryInteger\src_msvc\InfinityBinaryInteger\InfinityBinaryInteger\Utill_FreeMemory.h(1265,11): warning C4244: '초기화 중': 'double'에서 'int'(으)로 변환하면서 데이터가 손실될 수 있습니다.
  (소스 파일 'main.cpp'을(를) 컴파일하는 중)
  
C:\Users\nohc2\Desktop\Dev\InfinityBinaryInteger\src_msvc\InfinityBinaryInteger\InfinityBinaryInteger\Utill_FreeMemory.h(1316,14): warning C4267: '초기화 중': 'size_t'에서 'int'(으)로 변환하면서 데이터가 손실될 수 있습니다.
  (소스 파일 'main.cpp'을(를) 컴파일하는 중)
  
C:\Users\nohc2\Desktop\Dev\InfinityBinaryInteger\src_msvc\InfinityBinaryInteger\InfinityBinaryInteger\Utill_FreeMemory.h(1317,12): warning C4267: '초기화 중': 'size_t'에서 'int'(으)로 변환하면서 데이터가 손실될 수 있습니다.
  (소스 파일 'main.cpp'을(를) 컴파일하는 중)
  
C:\Users\nohc2\Desktop\Dev\InfinityBinaryInteger\src_msvc\InfinityBinaryInteger\InfinityBinaryInteger\Utill_FreeMemory.h(1371,38): warning C4244: '인수': 'double'에서 'int'(으)로 변환하면서 데이터가 손실될 수 있습니다.
  (소스 파일 'main.cpp'을(를) 컴파일하는 중)
  
C:\Users\nohc2\Desktop\Dev\InfinityBinaryInteger\src_msvc\InfinityBinaryInteger\InfinityBinaryInteger\Utill_FreeMemory.h(1461,39): warning C4244: '인수': 'double'에서 'int'(으)로 변환하면서 데이터가 손실될 수 있습니다.
  (소스 파일 'main.cpp'을(를) 컴파일하는 중)
  
C:\Users\nohc2\Desktop\Dev\InfinityBinaryInteger\src_msvc\InfinityBinaryInteger\InfinityBinaryInteger\Utill_FreeMemory.h(1525,17): warning C4267: '초기화 중': 'size_t'에서 'int'(으)로 변환하면서 데이터가 손실될 수 있습니다.
  (소스 파일 'main.cpp'을(를) 컴파일하는 중)
  
C:\Users\nohc2\Desktop\Dev\InfinityBinaryInteger\src_msvc\InfinityBinaryInteger\InfinityBinaryInteger\Utill_FreeMemory.h(1667,24): warning C4267: '초기화 중': 'size_t'에서 'int'(으)로 변환하면서 데이터가 손실될 수 있습니다.
  (소스 파일 'main.cpp'을(를) 컴파일하는 중)
  
C:\Users\nohc2\Desktop\Dev\InfinityBinaryInteger\src_msvc\InfinityBinaryInteger\InfinityBinaryInteger\Utill_FreeMemory.h(1667,48): warning C4267: '초기화 중': 'size_t'에서 'int'(으)로 변환하면서 데이터가 손실될 수 있습니다.
  (소스 파일 'main.cpp'을(를) 컴파일하는 중)
  
C:\Users\nohc2\Desktop\Dev\InfinityBinaryInteger\src_msvc\InfinityBinaryInteger\InfinityBinaryInteger\Utill_FreeMemory.h(1988,3): warning C4091: 'typedef ': 변수를 선언하지 않으면 'freemem::VP' 왼쪽은 무시됩니다.
  (소스 파일 'main.cpp'을(를) 컴파일하는 중)
  
C:\Users\nohc2\Desktop\Dev\InfinityBinaryInteger\src_msvc\InfinityBinaryInteger\InfinityBinaryInteger\InfinityBinary.h(827,23): warning C4267: '=': 'size_t'에서 'int'(으)로 변환하면서 데이터가 손실될 수 있습니다.
  (소스 파일 'main.cpp'을(를) 컴파일하는 중)
  
C:\Users\nohc2\Desktop\Dev\InfinityBinaryInteger\src_msvc\InfinityBinaryInteger\InfinityBinaryInteger\InfinityBinary.h(842,18): warning C4018: '<': signed 또는 unsigned가 일치하지 않습니다.
  (소스 파일 'main.cpp'을(를) 컴파일하는 중)
  
C:\Users\nohc2\Desktop\Dev\InfinityBinaryInteger\src_msvc\InfinityBinaryInteger\InfinityBinaryInteger\InfinityBinary.h(871,23): warning C4267: '=': 'size_t'에서 'int'(으)로 변환하면서 데이터가 손실될 수 있습니다.
  (소스 파일 'main.cpp'을(를) 컴파일하는 중)
  
C:\Users\nohc2\Desktop\Dev\InfinityBinaryInteger\src_msvc\InfinityBinaryInteger\InfinityBinaryInteger\InfinityBinary.h(909,1): warning C4819: 현재 코드 페이지(949)에서 표시할 수 없는 문자가 파일에 들어 있습니다. 데이터가 손실되지 않게 하려면 해당 파일을 유니코드 형식으로 저장하십시오.
  (소스 파일 'main.cpp'을(를) 컴파일하는 중)
  
C:\Users\nohc2\Desktop\Dev\InfinityBinaryInteger\src_msvc\InfinityBinaryInteger\InfinityBinaryInteger\InfinityBinary.h(1006,16): warning C4267: '초기화 중': 'size_t'에서 'int'(으)로 변환하면서 데이터가 손실될 수 있습니다.
  (소스 파일 'main.cpp'을(를) 컴파일하는 중)
  
C:\Users\nohc2\Desktop\Dev\InfinityBinaryInteger\src_msvc\InfinityBinaryInteger\InfinityBinaryInteger\InfinityBinary.h(1365,39): warning C4554: '>>': 연산자 우선 순위에 오류가 있는지 확인하세요. 괄호를 사용하여 우선 순위를 명확하게 지정하세요.
  (소스 파일 'main.cpp'을(를) 컴파일하는 중)
  
C:\Users\nohc2\Desktop\Dev\InfinityBinaryInteger\src_msvc\InfinityBinaryInteger\InfinityBinaryInteger\InfinityBinary.h(1811,23): warning C4018: '<': signed 또는 unsigned가 일치하지 않습니다.
  (소스 파일 'main.cpp'을(를) 컴파일하는 중)
  
C:\Users\nohc2\Desktop\Dev\InfinityBinaryInteger\src_msvc\InfinityBinaryInteger\InfinityBinaryInteger\InfinityBinary.h(1957,13): warning C4267: '초기화 중': 'size_t'에서 'int'(으)로 변환하면서 데이터가 손실될 수 있습니다.
  (소스 파일 'main.cpp'을(를) 컴파일하는 중)
  
C:\Users\nohc2\Desktop\Dev\InfinityBinaryInteger\src_msvc\InfinityBinaryInteger\InfinityBinaryInteger\InfinityBinary.h(1962,25): warning C4554: '>>': 연산자 우선 순위에 오류가 있는지 확인하세요. 괄호를 사용하여 우선 순위를 명확하게 지정하세요.
  (소스 파일 'main.cpp'을(를) 컴파일하는 중)
  
C:\Users\nohc2\Desktop\Dev\InfinityBinaryInteger\src_msvc\InfinityBinaryInteger\InfinityBinaryInteger\InfinityBinary.h(2021,1): warning C4819: 현재 코드 페이지(949)에서 표시할 수 없는 문자가 파일에 들어 있습니다. 데이터가 손실되지 않게 하려면 해당 파일을 유니코드 형식으로 저장하십시오.
  (소스 파일 'main.cpp'을(를) 컴파일하는 중)
  
C:\Users\nohc2\Desktop\Dev\InfinityBinaryInteger\src_msvc\InfinityBinaryInteger\InfinityBinaryInteger\Utill_FreeMemory.h(1771,60): warning C4267: '인수': 'size_t'에서 'unsigned int'(으)로 변환하면서 데이터가 손실될 수 있습니다.
  (소스 파일 'main.cpp'을(를) 컴파일하는 중)
  C:\Users\nohc2\Desktop\Dev\InfinityBinaryInteger\src_msvc\InfinityBinaryInteger\InfinityBinaryInteger\Utill_FreeMemory.h(1771,60):
  템플릿 인스턴스화 컨텍스트(가장 오래된 인스턴스화 컨텍스트)가
  	C:\Users\nohc2\Desktop\Dev\InfinityBinaryInteger\src_msvc\InfinityBinaryInteger\InfinityBinaryInteger\InfinityBinary.h(798,28):
  	컴파일되는 클래스 템플릿 인스턴스화 'freemem::fmvecarr<expr_segment>'에 대한 참조를 확인하세요.
  	C:\Users\nohc2\Desktop\Dev\InfinityBinaryInteger\src_msvc\InfinityBinaryInteger\InfinityBinaryInteger\Utill_FreeMemory.h(1765,12):
  	클래스 템플릿 멤버 함수 'freemem::fmvecarr<expr_segment>::~fmvecarr(void)'을(를) 컴파일하는 중입니다.
  
C:\Users\nohc2\Desktop\Dev\InfinityBinaryInteger\src_msvc\InfinityBinaryInteger\InfinityBinaryInteger\Utill_FreeMemory.h(1901,59): warning C4267: '인수': 'size_t'에서 'unsigned int'(으)로 변환하면서 데이터가 손실될 수 있습니다.
  (소스 파일 'main.cpp'을(를) 컴파일하는 중)
  C:\Users\nohc2\Desktop\Dev\InfinityBinaryInteger\src_msvc\InfinityBinaryInteger\InfinityBinaryInteger\Utill_FreeMemory.h(1901,59):
  템플릿 인스턴스화 컨텍스트(가장 오래된 인스턴스화 컨텍스트)가
  	C:\Users\nohc2\Desktop\Dev\InfinityBinaryInteger\src_msvc\InfinityBinaryInteger\InfinityBinaryInteger\InfinityBinary.h(74,28):
  	컴파일되는 클래스 템플릿 인스턴스화 'freemem::fmvecarr<unsigned int>'에 대한 참조를 확인하세요.
  	C:\Users\nohc2\Desktop\Dev\InfinityBinaryInteger\src_msvc\InfinityBinaryInteger\InfinityBinaryInteger\Utill_FreeMemory.h(1898,8):
  	클래스 템플릿 멤버 함수 'void freemem::fmvecarr<unsigned int>::release(void)'을(를) 컴파일하는 중입니다.
  		C:\Users\nohc2\Desktop\Dev\InfinityBinaryInteger\src_msvc\InfinityBinaryInteger\InfinityBinaryInteger\InfinityBinary.h(850,29):
  		'ibi::~ibi'에서 'freemem::fmvecarr<unsigned int>::release'에 대한 첫 번째 참조를 확인하세요.
  
C:\Users\nohc2\Desktop\Dev\InfinityBinaryInteger\src_msvc\InfinityBinaryInteger\InfinityBinaryInteger\Utill_FreeMemory.h(1867,15): warning C4267: '초기화 중': 'size_t'에서 'int'(으)로 변환하면서 데이터가 손실될 수 있습니다.
  (소스 파일 'main.cpp'을(를) 컴파일하는 중)
  C:\Users\nohc2\Desktop\Dev\InfinityBinaryInteger\src_msvc\InfinityBinaryInteger\InfinityBinaryInteger\Utill_FreeMemory.h(1867,15):
  템플릿 인스턴스화 컨텍스트(가장 오래된 인스턴스화 컨텍스트)가
  	C:\Users\nohc2\Desktop\Dev\InfinityBinaryInteger\src_msvc\InfinityBinaryInteger\InfinityBinaryInteger\Utill_FreeMemory.h(1864,8):
  	클래스 템플릿 멤버 함수 'void freemem::fmvecarr<unsigned int>::insert(size_t,T)'을(를) 컴파일하는 중입니다.
          with
          [
              T=unsigned int
          ]
  		C:\Users\nohc2\Desktop\Dev\InfinityBinaryInteger\src_msvc\InfinityBinaryInteger\InfinityBinaryInteger\InfinityBinary.h(1116,30):
  		'ibi::operator <<'에서 'freemem::fmvecarr<unsigned int>::insert'에 대한 첫 번째 참조를 확인하세요.
  
C:\Users\nohc2\Desktop\Dev\InfinityBinaryInteger\src_msvc\InfinityBinaryInteger\InfinityBinaryInteger\Utill_FreeMemory.h(1857,15): warning C4267: '초기화 중': 'size_t'에서 'int'(으)로 변환하면서 데이터가 손실될 수 있습니다.
  (소스 파일 'main.cpp'을(를) 컴파일하는 중)
  C:\Users\nohc2\Desktop\Dev\InfinityBinaryInteger\src_msvc\InfinityBinaryInteger\InfinityBinaryInteger\Utill_FreeMemory.h(1857,15):
  템플릿 인스턴스화 컨텍스트(가장 오래된 인스턴스화 컨텍스트)가
  	C:\Users\nohc2\Desktop\Dev\InfinityBinaryInteger\src_msvc\InfinityBinaryInteger\InfinityBinaryInteger\Utill_FreeMemory.h(1855,8):
  	클래스 템플릿 멤버 함수 'void freemem::fmvecarr<unsigned int>::erase(size_t)'을(를) 컴파일하는 중입니다.
  		C:\Users\nohc2\Desktop\Dev\InfinityBinaryInteger\src_msvc\InfinityBinaryInteger\InfinityBinaryInteger\InfinityBinary.h(1130,29):
  		'ibi::operator >>'에서 'freemem::fmvecarr<unsigned int>::erase'에 대한 첫 번째 참조를 확인하세요.
  
C:\Users\nohc2\Desktop\Dev\InfinityBinaryInteger\src_msvc\InfinityBinaryInteger\InfinityBinaryInteger\Utill_FreeMemory.h(1790,37): warning C4267: '인수': 'size_t'에서 'unsigned int'(으)로 변환하면서 데이터가 손실될 수 있습니다.
  (소스 파일 'main.cpp'을(를) 컴파일하는 중)
  C:\Users\nohc2\Desktop\Dev\InfinityBinaryInteger\src_msvc\InfinityBinaryInteger\InfinityBinaryInteger\Utill_FreeMemory.h(1790,37):
  템플릿 인스턴스화 컨텍스트(가장 오래된 인스턴스화 컨텍스트)가
  	C:\Users\nohc2\Desktop\Dev\InfinityBinaryInteger\src_msvc\InfinityBinaryInteger\InfinityBinaryInteger\Utill_FreeMemory.h(1785,8):
  	클래스 템플릿 멤버 함수 'void freemem::fmvecarr<unsigned int>::Init(size_t,bool,bool)'을(를) 컴파일하는 중입니다.
  		C:\Users\nohc2\Desktop\Dev\InfinityBinaryInteger\src_msvc\InfinityBinaryInteger\InfinityBinaryInteger\InfinityBinary.h(825,26):
  		'ibi::ibi'에서 'freemem::fmvecarr<unsigned int>::Init'에 대한 첫 번째 참조를 확인하세요.
  
C:\Users\nohc2\Desktop\Dev\InfinityBinaryInteger\src_msvc\InfinityBinaryInteger\InfinityBinaryInteger\Utill_FreeMemory.h(1794,41): warning C4267: '인수': 'size_t'에서 'unsigned int'(으)로 변환하면서 데이터가 손실될 수 있습니다.
  (소스 파일 'main.cpp'을(를) 컴파일하는 중)
  
C:\Users\nohc2\Desktop\Dev\InfinityBinaryInteger\src_msvc\InfinityBinaryInteger\InfinityBinaryInteger\Utill_FreeMemory.h(1796,91): warning C4267: '=': 'size_t'에서 'int'(으)로 변환하면서 데이터가 손실될 수 있습니다.
  (소스 파일 'main.cpp'을(를) 컴파일하는 중)
  
C:\Users\nohc2\Desktop\Dev\InfinityBinaryInteger\src_msvc\InfinityBinaryInteger\InfinityBinaryInteger\Utill_FreeMemory.h(1811,60): warning C4267: '인수': 'size_t'에서 'unsigned int'(으)로 변환하면서 데이터가 손실될 수 있습니다.
  (소스 파일 'main.cpp'을(를) 컴파일하는 중)
  
C:\Users\nohc2\Desktop\Dev\InfinityBinaryInteger\src_msvc\InfinityBinaryInteger\InfinityBinaryInteger\InfinityBinary.h(907): warning C4715: 'ibi::cmp': 모든 제어 경로에서 값을 반환하지는 않습니다.
  InfinityBinaryInteger.vcxproj -> C:\Users\nohc2\Desktop\Dev\InfinityBinaryInteger\src_msvc\InfinityBinaryInteger\x64\Debug\InfinityBinaryInteger.exe
